Symbol range map extraction starting
Processing 26 files
startProcessing "mod\aercloudengine\ClientProxyaercloudengine.java" md5: 8330fa34a1e7a4b3d9da664bba163cfe
Cache Hit!
endProcessing "mod\aercloudengine\ClientProxyaercloudengine.java"

startProcessing "mod\aercloudengine\CommonProxyaercloudengine.java" md5: f7af6820a1f138906809950435671545
Cache Hit!
endProcessing "mod\aercloudengine\CommonProxyaercloudengine.java"

startProcessing "mod\aercloudengine\VarListaercloudengine.java" md5: 0b91c142ec9e199ba4b4ac938713ccbf
Cache Hit!
endProcessing "mod\aercloudengine\VarListaercloudengine.java"

startProcessing "mod\aercloudengine\aercloudengine.java" md5: 95b333306ce8c1c9c9acf2f5b5519361
Cache Hit!
endProcessing "mod\aercloudengine\aercloudengine.java"

startProcessing "mod\aercloudengine\aerliteSheet.java" md5: 3300309d2e36f7cb2b5177c16c2bbb64
Cache Hit!
endProcessing "mod\aercloudengine\aerliteSheet.java"

startProcessing "mod\aercloudengine\ambrosiumNugget.java" md5: 5dbfc2a3dcf6899ac6598ca9abccae65
Cache Hit!
endProcessing "mod\aercloudengine\ambrosiumNugget.java"

startProcessing "mod\aercloudengine\arkeniumDust.java" md5: 96e9057b530cbf4eb8b3720e0ae51db2
Cache Hit!
endProcessing "mod\aercloudengine\arkeniumDust.java"

startProcessing "mod\aercloudengine\arkeniumGear.java" md5: bc77fecfe41c7042e8003deddc3f8882
Cache Hit!
endProcessing "mod\aercloudengine\arkeniumGear.java"

startProcessing "mod\aercloudengine\arkeniumNugget.java" md5: 2870c339cec5169dcf117c1bfb50da28
Cache Hit!
endProcessing "mod\aercloudengine\arkeniumNugget.java"

startProcessing "mod\aercloudengine\arkeniumRod.java" md5: f1605c6978d570ddb7d46aa6794947a5
Cache Hit!
endProcessing "mod\aercloudengine\arkeniumRod.java"

startProcessing "mod\aercloudengine\arkeniumWire.java" md5: 03553650306cb86611d06daa6f96e025
Cache Hit!
endProcessing "mod\aercloudengine\arkeniumWire.java"

startProcessing "mod\aercloudengine\cloudwoolSheet.java" md5: 0d309ebf3e88838fd5e21db709d1bce8
Cache Hit!
endProcessing "mod\aercloudengine\cloudwoolSheet.java"

startProcessing "mod\aercloudengine\coveredWire.java" md5: 1f55c9ccddb50c1a95e5cfe793442a56
Cache Hit!
endProcessing "mod\aercloudengine\coveredWire.java"

startProcessing "mod\aercloudengine\gravititeDust.java" md5: f21ddbba3dafab2bcacae6c1e5c1c0be
Cache Hit!
endProcessing "mod\aercloudengine\gravititeDust.java"

startProcessing "mod\aercloudengine\gravititeGear.java" md5: 6e7e32da26df2f06958f1009677ac190
Cache Hit!
endProcessing "mod\aercloudengine\gravititeGear.java"

startProcessing "mod\aercloudengine\gravititeNugget.java" md5: ec6f507a4036d62cc6a1082aebc63c72
Cache Hit!
endProcessing "mod\aercloudengine\gravititeNugget.java"

startProcessing "mod\aercloudengine\hammer.java" md5: b74bfb793ef877b9f39c55e2caa28ff3
Cache Hit!
endProcessing "mod\aercloudengine\hammer.java"

startProcessing "mod\aercloudengine\holystoneGear.java" md5: f1a9f411617ae0d67cfc5b9b8f7d87df
Cache Hit!
endProcessing "mod\aercloudengine\holystoneGear.java"

startProcessing "mod\aercloudengine\skyrootGear.java" md5: 2a494e9f08d5847884aaefd0d6f08181
Cache Hit!
endProcessing "mod\aercloudengine\skyrootGear.java"

startProcessing "mod\aercloudengine\tabaercloudEngine.java" md5: bfc5cc2f293f55b88ca88bb46fdfdc25
Cache Hit!
endProcessing "mod\aercloudengine\tabaercloudEngine.java"

startProcessing "mod\aercloudengine\valkyrieDust.java" md5: 0ae3413b4dd51b66982b8013f94874b4
Cache Hit!
endProcessing "mod\aercloudengine\valkyrieDust.java"

startProcessing "mod\aercloudengine\valkyrieGear.java" md5: bd95c0a9a2f7787a618adcfc8a8c23b8
Cache Hit!
endProcessing "mod\aercloudengine\valkyrieGear.java"

startProcessing "mod\aercloudengine\valkyrieNugget.java" md5: 2447ccb1444480cabe16609c29730020
Cache Hit!
endProcessing "mod\aercloudengine\valkyrieNugget.java"

startProcessing "mod\aercloudengine\wirecutters.java" md5: 45d3b485dde17c920c6df50762dc6bed
Cache Hit!
endProcessing "mod\aercloudengine\wirecutters.java"

startProcessing "mod\aercloudengine\zaniteGear.java" md5: 43cd703fefe35b35002b18be5338ce68
Cache Hit!
endProcessing "mod\aercloudengine\zaniteGear.java"

startProcessing "mod\aercloudengine\zaniteNugget.java" md5: b28cd7050b25d9bc26bb90c68476fc97
Cache Hit!
endProcessing "mod\aercloudengine\zaniteNugget.java"

